<?xml version="1.0" encoding="UTF-8"?>
<testng-results skipped="0" failed="0" ignored="0" total="1" passed="1">
  <reporter-output>
  </reporter-output>
  <suite name="Suite" duration-ms="5864" started-at="2018-02-03T10:38:45Z" finished-at="2018-02-03T10:38:51Z">
    <groups>
    </groups>
    <test name="Test" duration-ms="5864" started-at="2018-02-03T10:38:45Z" finished-at="2018-02-03T10:38:51Z">
      <class name="qsp.DemoA">
        <test-method status="PASS" signature="TestA()[pri:0, instance:qsp.DemoA@35851384]" name="TestA" duration-ms="5839" started-at="2018-02-03T16:08:45Z" finished-at="2018-02-03T16:08:51Z">
          <reporter-output>
          </reporter-output>
        </test-method> <!-- TestA -->
      </class> <!-- qsp.DemoA -->
    </test> <!-- Test -->
  </suite> <!-- Suite -->
</testng-results>
